<?xml version="1.0" encoding="UTF-8"?>
<!-- Generated by org.testng.reporters.JUnitXMLReporter -->
<testsuite ignored="0" hostname="DESKTOP-6HMH41Q" failures="0" tests="6" name="Test" time="0.271" errors="0" timestamp="2022-07-20T12:33:41 IST">
  <testcase classname="demoMavenProject.Case3test" name="tc3" time="0.039"/>
  <testcase classname="demoMavenProject.Case3test" name="tcase3" time="0.009"/>
  <testcase classname="demoMavenProject.Case2test" name="demo1" time="0.006"/>
  <testcase classname="demoMavenProject.Case2test" name="demo2" time="0.007"/>
  <testcase classname="demoMavenProject.Case1test" name="testTc1" time="0.006"/>
  <testcase classname="demoMavenProject.Case1test" name="testTc2" time="0.008"/>
</testsuite> <!-- Test -->
