<?xml version="1.0" encoding="UTF-8"?>
<!-- Generated by org.testng.reporters.JUnitXMLReporter -->
<testsuite ignored="0" hostname="DESKTOP-6HMH41Q" failures="0" tests="4" name="Test" time="0.23" errors="0" timestamp="2022-07-18T16:40:35 IST">
  <testcase classname="demoMavenProject.Case2test" name="demo1" time="0.034"/>
  <testcase classname="demoMavenProject.Case2test" name="demo2" time="0.008"/>
  <testcase classname="demoMavenProject.Case1test" name="testTc1" time="0.003"/>
  <testcase classname="demoMavenProject.Case1test" name="testTc2" time="0.007"/>
</testsuite> <!-- Test -->
