<?xml version="1.0" encoding="UTF-8"?>
<!-- Generated by org.testng.reporters.JUnitXMLReporter -->
<testsuite ignored="0" hostname="DESKTOP-6HMH41Q" failures="0" tests="4" name="Default test" time="0.249" errors="0" timestamp="2022-07-20T12:38:26 IST">
  <testcase classname="demoMavenProject.Case1test" name="car" time="0.038"/>
  <testcase classname="demoMavenProject.Case1test" name="dog" time="0.009"/>
  <testcase classname="demoMavenProject.Case1test" name="testTc1" time="0.004"/>
  <testcase classname="demoMavenProject.Case1test" name="testTc2" time="0.005"/>
</testsuite> <!-- Default test -->
