<?xml version="1.0" encoding="UTF-8"?>
<testng-results ignored="0" total="4" passed="4" failed="0" skipped="0">
  <reporter-output>
    <line>
      <![CDATA[yellow car]]>
    </line>
    <line>
      <![CDATA[black]]>
    </line>
    <line>
      <![CDATA[hello selenium]]>
    </line>
    <line>
      <![CDATA[hello pankaj ok]]>
    </line>
  </reporter-output>
  <suite started-at="2022-07-20T12:38:26 IST" name="Default suite" finished-at="2022-07-20T12:38:26 IST" duration-ms="249">
    <groups>
    </groups>
    <test started-at="2022-07-20T12:38:26 IST" name="Default test" finished-at="2022-07-20T12:38:26 IST" duration-ms="249">
      <class name="demoMavenProject.Case1test">
        <test-method signature="car()[pri:0, instance:demoMavenProject.Case1test@28f2a10f]" started-at="2022-07-20T12:38:26 IST" name="car" finished-at="2022-07-20T12:38:26 IST" duration-ms="38" status="PASS">
          <reporter-output>
            <line>
              <![CDATA[yellow car]]>
            </line>
          </reporter-output>
        </test-method> <!-- car -->
        <test-method signature="dog()[pri:0, instance:demoMavenProject.Case1test@28f2a10f]" started-at="2022-07-20T12:38:26 IST" name="dog" finished-at="2022-07-20T12:38:26 IST" duration-ms="9" status="PASS">
          <reporter-output>
            <line>
              <![CDATA[black]]>
            </line>
          </reporter-output>
        </test-method> <!-- dog -->
        <test-method signature="testTc1()[pri:0, instance:demoMavenProject.Case1test@28f2a10f]" started-at="2022-07-20T12:38:26 IST" name="testTc1" finished-at="2022-07-20T12:38:26 IST" duration-ms="4" status="PASS">
          <reporter-output>
            <line>
              <![CDATA[hello selenium]]>
            </line>
          </reporter-output>
        </test-method> <!-- testTc1 -->
        <test-method signature="testTc2()[pri:0, instance:demoMavenProject.Case1test@28f2a10f]" started-at="2022-07-20T12:38:26 IST" name="testTc2" finished-at="2022-07-20T12:38:26 IST" duration-ms="5" status="PASS">
          <reporter-output>
            <line>
              <![CDATA[hello pankaj ok]]>
            </line>
          </reporter-output>
        </test-method> <!-- testTc2 -->
      </class> <!-- demoMavenProject.Case1test -->
    </test> <!-- Default test -->
  </suite> <!-- Default suite -->
</testng-results>
